Mon May 07 16:45:49 CST 2018  [debug] AvalonLogSystem initialized using logfile 'C:\Users\Administrator\Workspaces\MyEclipse 8.5\.metadata\.plugins\com.genuitec.eclipse.templates\velocity.log'
Mon May 07 16:45:49 CST 2018   [info] ************************************************************** 
Mon May 07 16:45:49 CST 2018   [info] Starting Jakarta Velocity v1.4
Mon May 07 16:45:49 CST 2018   [info] RuntimeInstance initializing.
Mon May 07 16:45:49 CST 2018   [info] Default Properties File: org\apache\velocity\runtime\defaults\velocity.properties
Mon May 07 16:45:49 CST 2018   [info] Trying to use logger class org.apache.velocity.runtime.log.AvalonLogSystem
Mon May 07 16:45:49 CST 2018   [info] Using logger class org.apache.velocity.runtime.log.AvalonLogSystem
Mon May 07 16:45:49 CST 2018   [info] Default ResourceManager initializing. (class org.apache.velocity.runtime.resource.ResourceManagerImpl)
Mon May 07 16:45:49 CST 2018   [info] Resource Loader Instantiated: com.genuitec.eclipse.templates.internal.PluginResourceLoader
Mon May 07 16:45:49 CST 2018   [info] ResourceCache : initialized. (class org.apache.velocity.runtime.resource.ResourceCacheImpl)
Mon May 07 16:45:49 CST 2018   [info] Default ResourceManager initialization complete.
Mon May 07 16:45:49 CST 2018   [info] Loaded System Directive: org.apache.velocity.runtime.directive.Literal
Mon May 07 16:45:49 CST 2018   [info] Loaded System Directive: org.apache.velocity.runtime.directive.Macro
Mon May 07 16:45:49 CST 2018   [info] Loaded System Directive: org.apache.velocity.runtime.directive.Parse
Mon May 07 16:45:49 CST 2018   [info] Loaded System Directive: org.apache.velocity.runtime.directive.Include
Mon May 07 16:45:49 CST 2018   [info] Loaded System Directive: org.apache.velocity.runtime.directive.Foreach
Mon May 07 16:45:49 CST 2018   [info] Created: 20 parsers.
Mon May 07 16:45:49 CST 2018   [info] Velocimacro : initialization starting.
Mon May 07 16:45:49 CST 2018   [info] Velocimacro : adding VMs from VM library template : VM_global_library.vm
Mon May 07 16:45:49 CST 2018   [info] ResourceManager : found VM_global_library.vm with loader com.genuitec.eclipse.templates.internal.PluginResourceLoader
Mon May 07 16:45:49 CST 2018   [info] Velocimacro :  VM library template macro registration complete.
Mon May 07 16:45:49 CST 2018   [info] Velocimacro : allowInline = true : VMs can be defined inline in templates
Mon May 07 16:45:49 CST 2018   [info] Velocimacro : allowInlineToOverride = true : VMs defined inline may replace previous VM definitions
Mon May 07 16:45:49 CST 2018   [info] Velocimacro : allowInlineLocal = true : VMs defined inline will be local to their defining template only.
Mon May 07 16:45:49 CST 2018   [info] Velocimacro : messages on  : VM system will output logging messages
Mon May 07 16:45:49 CST 2018   [info] Velocimacro : autoload off  : VM system will not automatically reload global library macros
Mon May 07 16:45:49 CST 2018   [info] Velocimacro : initialization complete.
Mon May 07 16:45:49 CST 2018   [info] Velocity successfully started.
Mon May 07 16:45:49 CST 2018   [info] ResourceManager : found templates/jsp/Jsp.vtl with loader com.genuitec.eclipse.templates.internal.PluginResourceLoader
Mon May 07 16:45:49 CST 2018   [info] ResourceManager : found templates/jsp/JSPMetaTags.vtl with loader com.genuitec.eclipse.templates.internal.PluginResourceLoader
